<?xml version="1.0" encoding="UTF-8"?>
<testsuite xmlns:xsi="http://www.w3.org/2001/XMLSchema-instance" xsi:noNamespaceSchemaLocation="https://maven.apache.org/surefire/maven-surefire-plugin/xsd/surefire-test-report-3.0.xsd" version="3.0" name="com.example.aibuysys.AiBuySysApplicationTests" time="2.271" tests="1" errors="0" skipped="0" failures="0">
  <properties>
    <property name="java.specification.version" value="21"/>
    <property name="sun.cpu.isalist" value="amd64"/>
    <property name="sun.jnu.encoding" value="GBK"/>
    <property name="java.class.path" value="C:\Users\86139\Desktop\AiBuySys\target\test-classes;C:\Users\86139\Desktop\AiBuySys\target\classes;D:\maven-repository\org\springframework\boot\spring-boot-starter-thymeleaf\2.6.13\spring-boot-starter-thymeleaf-2.6.13.jar;D:\maven-repository\org\springframework\boot\spring-boot-starter\2.6.13\spring-boot-starter-2.6.13.jar;D:\maven-repository\org\springframework\boot\spring-boot\2.6.13\spring-boot-2.6.13.jar;D:\maven-repository\org\springframework\boot\spring-boot-autoconfigure\2.6.13\spring-boot-autoconfigure-2.6.13.jar;D:\maven-repository\org\springframework\boot\spring-boot-starter-logging\2.6.13\spring-boot-starter-logging-2.6.13.jar;D:\maven-repository\ch\qos\logback\logback-classic\1.2.11\logback-classic-1.2.11.jar;D:\maven-repository\ch\qos\logback\logback-core\1.2.11\logback-core-1.2.11.jar;D:\maven-repository\org\apache\logging\log4j\log4j-to-slf4j\2.17.2\log4j-to-slf4j-2.17.2.jar;D:\maven-repository\org\apache\logging\log4j\log4j-api\2.17.2\log4j-api-2.17.2.jar;D:\maven-repository\org\slf4j\jul-to-slf4j\1.7.36\jul-to-slf4j-1.7.36.jar;D:\maven-repository\jakarta\annotation\jakarta.annotation-api\1.3.5\jakarta.annotation-api-1.3.5.jar;D:\maven-repository\org\yaml\snakeyaml\1.29\snakeyaml-1.29.jar;D:\maven-repository\org\thymeleaf\thymeleaf-spring5\3.0.15.RELEASE\thymeleaf-spring5-3.0.15.RELEASE.jar;D:\maven-repository\org\thymeleaf\thymeleaf\3.0.15.RELEASE\thymeleaf-3.0.15.RELEASE.jar;D:\maven-repository\org\attoparser\attoparser\2.0.5.RELEASE\attoparser-2.0.5.RELEASE.jar;D:\maven-repository\org\unbescape\unbescape\1.1.6.RELEASE\unbescape-1.1.6.RELEASE.jar;D:\maven-repository\org\slf4j\slf4j-api\1.7.36\slf4j-api-1.7.36.jar;D:\maven-repository\org\thymeleaf\extras\thymeleaf-extras-java8time\3.0.4.RELEASE\thymeleaf-extras-java8time-3.0.4.RELEASE.jar;D:\maven-repository\org\springframework\boot\spring-boot-starter-web\2.6.13\spring-boot-starter-web-2.6.13.jar;D:\maven-repository\org\springframework\boot\spring-boot-starter-json\2.6.13\spring-boot-starter-json-2.6.13.jar;D:\maven-repository\com\fasterxml\jackson\core\jackson-databind\2.13.4.2\jackson-databind-2.13.4.2.jar;D:\maven-repository\com\fasterxml\jackson\core\jackson-annotations\2.13.4\jackson-annotations-2.13.4.jar;D:\maven-repository\com\fasterxml\jackson\core\jackson-core\2.13.4\jackson-core-2.13.4.jar;D:\maven-repository\com\fasterxml\jackson\datatype\jackson-datatype-jdk8\2.13.4\jackson-datatype-jdk8-2.13.4.jar;D:\maven-repository\com\fasterxml\jackson\datatype\jackson-datatype-jsr310\2.13.4\jackson-datatype-jsr310-2.13.4.jar;D:\maven-repository\com\fasterxml\jackson\module\jackson-module-parameter-names\2.13.4\jackson-module-parameter-names-2.13.4.jar;D:\maven-repository\org\springframework\boot\spring-boot-starter-tomcat\2.6.13\spring-boot-starter-tomcat-2.6.13.jar;D:\maven-repository\org\apache\tomcat\embed\tomcat-embed-core\9.0.68\tomcat-embed-core-9.0.68.jar;D:\maven-repository\org\apache\tomcat\embed\tomcat-embed-el\9.0.68\tomcat-embed-el-9.0.68.jar;D:\maven-repository\org\apache\tomcat\embed\tomcat-embed-websocket\9.0.68\tomcat-embed-websocket-9.0.68.jar;D:\maven-repository\org\springframework\spring-web\5.3.23\spring-web-5.3.23.jar;D:\maven-repository\org\springframework\spring-beans\5.3.23\spring-beans-5.3.23.jar;D:\maven-repository\org\springframework\spring-webmvc\5.3.23\spring-webmvc-5.3.23.jar;D:\maven-repository\org\springframework\spring-aop\5.3.23\spring-aop-5.3.23.jar;D:\maven-repository\org\springframework\spring-context\5.3.23\spring-context-5.3.23.jar;D:\maven-repository\org\springframework\spring-expression\5.3.23\spring-expression-5.3.23.jar;D:\maven-repository\org\springframework\boot\spring-boot-starter-test\2.6.13\spring-boot-starter-test-2.6.13.jar;D:\maven-repository\org\springframework\boot\spring-boot-test\2.6.13\spring-boot-test-2.6.13.jar;D:\maven-repository\org\springframework\boot\spring-boot-test-autoconfigure\2.6.13\spring-boot-test-autoconfigure-2.6.13.jar;D:\maven-repository\com\jayway\jsonpath\json-path\2.6.0\json-path-2.6.0.jar;D:\maven-repository\net\minidev\json-smart\2.4.8\json-smart-2.4.8.jar;D:\maven-repository\net\minidev\accessors-smart\2.4.8\accessors-smart-2.4.8.jar;D:\maven-repository\org\ow2\asm\asm\9.1\asm-9.1.jar;D:\maven-repository\jakarta\xml\bind\jakarta.xml.bind-api\2.3.3\jakarta.xml.bind-api-2.3.3.jar;D:\maven-repository\jakarta\activation\jakarta.activation-api\1.2.2\jakarta.activation-api-1.2.2.jar;D:\maven-repository\org\assertj\assertj-core\3.21.0\assertj-core-3.21.0.jar;D:\maven-repository\org\hamcrest\hamcrest\2.2\hamcrest-2.2.jar;D:\maven-repository\org\junit\jupiter\junit-jupiter\5.8.2\junit-jupiter-5.8.2.jar;D:\maven-repository\org\junit\jupiter\junit-jupiter-api\5.8.2\junit-jupiter-api-5.8.2.jar;D:\maven-repository\org\opentest4j\opentest4j\1.2.0\opentest4j-1.2.0.jar;D:\maven-repository\org\junit\platform\junit-platform-commons\1.8.2\junit-platform-commons-1.8.2.jar;D:\maven-repository\org\apiguardian\apiguardian-api\1.1.2\apiguardian-api-1.1.2.jar;D:\maven-repository\org\junit\jupiter\junit-jupiter-params\5.8.2\junit-jupiter-params-5.8.2.jar;D:\maven-repository\org\junit\jupiter\junit-jupiter-engine\5.8.2\junit-jupiter-engine-5.8.2.jar;D:\maven-repository\org\junit\platform\junit-platform-engine\1.8.2\junit-platform-engine-1.8.2.jar;D:\maven-repository\org\mockito\mockito-core\4.0.0\mockito-core-4.0.0.jar;D:\maven-repository\net\bytebuddy\byte-buddy\1.11.22\byte-buddy-1.11.22.jar;D:\maven-repository\net\bytebuddy\byte-buddy-agent\1.11.22\byte-buddy-agent-1.11.22.jar;D:\maven-repository\org\objenesis\objenesis\3.2\objenesis-3.2.jar;D:\maven-repository\org\mockito\mockito-junit-jupiter\4.0.0\mockito-junit-jupiter-4.0.0.jar;D:\maven-repository\org\skyscreamer\jsonassert\1.5.1\jsonassert-1.5.1.jar;D:\maven-repository\com\vaadin\external\google\android-json\0.0.20131108.vaadin1\android-json-0.0.20131108.vaadin1.jar;D:\maven-repository\org\springframework\spring-core\5.3.23\spring-core-5.3.23.jar;D:\maven-repository\org\springframework\spring-jcl\5.3.23\spring-jcl-5.3.23.jar;D:\maven-repository\org\springframework\spring-test\5.3.23\spring-test-5.3.23.jar;D:\maven-repository\org\xmlunit\xmlunit-core\2.8.4\xmlunit-core-2.8.4.jar;D:\maven-repository\com\google\code\gson\gson\2.8.9\gson-2.8.9.jar;D:\maven-repository\mysql\mysql-connector-java\8.0.30\mysql-connector-java-8.0.30.jar;"/>
    <property name="java.vm.vendor" value="Oracle Corporation"/>
    <property name="sun.arch.data.model" value="64"/>
    <property name="user.variant" value=""/>
    <property name="java.vendor.url" value="https://java.oracle.com/"/>
    <property name="user.timezone" value="Asia/Shanghai"/>
    <property name="os.name" value="Windows 11"/>
    <property name="java.vm.specification.version" value="21"/>
    <property name="sun.java.launcher" value="SUN_STANDARD"/>
    <property name="user.country" value="CN"/>
    <property name="sun.boot.library.path" value="C:\Program Files\Java\jdk-21\bin"/>
    <property name="sun.java.command" value="C:\Users\86139\AppData\Local\Temp\surefire11565737057271985869\surefirebooter-20250605194204843_3.jar C:\Users\86139\AppData\Local\Temp\surefire11565737057271985869 2025-06-05T19-41-59_604-jvmRun1 surefire-20250605194204843_1tmp surefire_0-20250605194204843_2tmp"/>
    <property name="jdk.debug" value="release"/>
    <property name="surefire.test.class.path" value="C:\Users\86139\Desktop\AiBuySys\target\test-classes;C:\Users\86139\Desktop\AiBuySys\target\classes;D:\maven-repository\org\springframework\boot\spring-boot-starter-thymeleaf\2.6.13\spring-boot-starter-thymeleaf-2.6.13.jar;D:\maven-repository\org\springframework\boot\spring-boot-starter\2.6.13\spring-boot-starter-2.6.13.jar;D:\maven-repository\org\springframework\boot\spring-boot\2.6.13\spring-boot-2.6.13.jar;D:\maven-repository\org\springframework\boot\spring-boot-autoconfigure\2.6.13\spring-boot-autoconfigure-2.6.13.jar;D:\maven-repository\org\springframework\boot\spring-boot-starter-logging\2.6.13\spring-boot-starter-logging-2.6.13.jar;D:\maven-repository\ch\qos\logback\logback-classic\1.2.11\logback-classic-1.2.11.jar;D:\maven-repository\ch\qos\logback\logback-core\1.2.11\logback-core-1.2.11.jar;D:\maven-repository\org\apache\logging\log4j\log4j-to-slf4j\2.17.2\log4j-to-slf4j-2.17.2.jar;D:\maven-repository\org\apache\logging\log4j\log4j-api\2.17.2\log4j-api-2.17.2.jar;D:\maven-repository\org\slf4j\jul-to-slf4j\1.7.36\jul-to-slf4j-1.7.36.jar;D:\maven-repository\jakarta\annotation\jakarta.annotation-api\1.3.5\jakarta.annotation-api-1.3.5.jar;D:\maven-repository\org\yaml\snakeyaml\1.29\snakeyaml-1.29.jar;D:\maven-repository\org\thymeleaf\thymeleaf-spring5\3.0.15.RELEASE\thymeleaf-spring5-3.0.15.RELEASE.jar;D:\maven-repository\org\thymeleaf\thymeleaf\3.0.15.RELEASE\thymeleaf-3.0.15.RELEASE.jar;D:\maven-repository\org\attoparser\attoparser\2.0.5.RELEASE\attoparser-2.0.5.RELEASE.jar;D:\maven-repository\org\unbescape\unbescape\1.1.6.RELEASE\unbescape-1.1.6.RELEASE.jar;D:\maven-repository\org\slf4j\slf4j-api\1.7.36\slf4j-api-1.7.36.jar;D:\maven-repository\org\thymeleaf\extras\thymeleaf-extras-java8time\3.0.4.RELEASE\thymeleaf-extras-java8time-3.0.4.RELEASE.jar;D:\maven-repository\org\springframework\boot\spring-boot-starter-web\2.6.13\spring-boot-starter-web-2.6.13.jar;D:\maven-repository\org\springframework\boot\spring-boot-starter-json\2.6.13\spring-boot-starter-json-2.6.13.jar;D:\maven-repository\com\fasterxml\jackson\core\jackson-databind\2.13.4.2\jackson-databind-2.13.4.2.jar;D:\maven-repository\com\fasterxml\jackson\core\jackson-annotations\2.13.4\jackson-annotations-2.13.4.jar;D:\maven-repository\com\fasterxml\jackson\core\jackson-core\2.13.4\jackson-core-2.13.4.jar;D:\maven-repository\com\fasterxml\jackson\datatype\jackson-datatype-jdk8\2.13.4\jackson-datatype-jdk8-2.13.4.jar;D:\maven-repository\com\fasterxml\jackson\datatype\jackson-datatype-jsr310\2.13.4\jackson-datatype-jsr310-2.13.4.jar;D:\maven-repository\com\fasterxml\jackson\module\jackson-module-parameter-names\2.13.4\jackson-module-parameter-names-2.13.4.jar;D:\maven-repository\org\springframework\boot\spring-boot-starter-tomcat\2.6.13\spring-boot-starter-tomcat-2.6.13.jar;D:\maven-repository\org\apache\tomcat\embed\tomcat-embed-core\9.0.68\tomcat-embed-core-9.0.68.jar;D:\maven-repository\org\apache\tomcat\embed\tomcat-embed-el\9.0.68\tomcat-embed-el-9.0.68.jar;D:\maven-repository\org\apache\tomcat\embed\tomcat-embed-websocket\9.0.68\tomcat-embed-websocket-9.0.68.jar;D:\maven-repository\org\springframework\spring-web\5.3.23\spring-web-5.3.23.jar;D:\maven-repository\org\springframework\spring-beans\5.3.23\spring-beans-5.3.23.jar;D:\maven-repository\org\springframework\spring-webmvc\5.3.23\spring-webmvc-5.3.23.jar;D:\maven-repository\org\springframework\spring-aop\5.3.23\spring-aop-5.3.23.jar;D:\maven-repository\org\springframework\spring-context\5.3.23\spring-context-5.3.23.jar;D:\maven-repository\org\springframework\spring-expression\5.3.23\spring-expression-5.3.23.jar;D:\maven-repository\org\springframework\boot\spring-boot-starter-test\2.6.13\spring-boot-starter-test-2.6.13.jar;D:\maven-repository\org\springframework\boot\spring-boot-test\2.6.13\spring-boot-test-2.6.13.jar;D:\maven-repository\org\springframework\boot\spring-boot-test-autoconfigure\2.6.13\spring-boot-test-autoconfigure-2.6.13.jar;D:\maven-repository\com\jayway\jsonpath\json-path\2.6.0\json-path-2.6.0.jar;D:\maven-repository\net\minidev\json-smart\2.4.8\json-smart-2.4.8.jar;D:\maven-repository\net\minidev\accessors-smart\2.4.8\accessors-smart-2.4.8.jar;D:\maven-repository\org\ow2\asm\asm\9.1\asm-9.1.jar;D:\maven-repository\jakarta\xml\bind\jakarta.xml.bind-api\2.3.3\jakarta.xml.bind-api-2.3.3.jar;D:\maven-repository\jakarta\activation\jakarta.activation-api\1.2.2\jakarta.activation-api-1.2.2.jar;D:\maven-repository\org\assertj\assertj-core\3.21.0\assertj-core-3.21.0.jar;D:\maven-repository\org\hamcrest\hamcrest\2.2\hamcrest-2.2.jar;D:\maven-repository\org\junit\jupiter\junit-jupiter\5.8.2\junit-jupiter-5.8.2.jar;D:\maven-repository\org\junit\jupiter\junit-jupiter-api\5.8.2\junit-jupiter-api-5.8.2.jar;D:\maven-repository\org\opentest4j\opentest4j\1.2.0\opentest4j-1.2.0.jar;D:\maven-repository\org\junit\platform\junit-platform-commons\1.8.2\junit-platform-commons-1.8.2.jar;D:\maven-repository\org\apiguardian\apiguardian-api\1.1.2\apiguardian-api-1.1.2.jar;D:\maven-repository\org\junit\jupiter\junit-jupiter-params\5.8.2\junit-jupiter-params-5.8.2.jar;D:\maven-repository\org\junit\jupiter\junit-jupiter-engine\5.8.2\junit-jupiter-engine-5.8.2.jar;D:\maven-repository\org\junit\platform\junit-platform-engine\1.8.2\junit-platform-engine-1.8.2.jar;D:\maven-repository\org\mockito\mockito-core\4.0.0\mockito-core-4.0.0.jar;D:\maven-repository\net\bytebuddy\byte-buddy\1.11.22\byte-buddy-1.11.22.jar;D:\maven-repository\net\bytebuddy\byte-buddy-agent\1.11.22\byte-buddy-agent-1.11.22.jar;D:\maven-repository\org\objenesis\objenesis\3.2\objenesis-3.2.jar;D:\maven-repository\org\mockito\mockito-junit-jupiter\4.0.0\mockito-junit-jupiter-4.0.0.jar;D:\maven-repository\org\skyscreamer\jsonassert\1.5.1\jsonassert-1.5.1.jar;D:\maven-repository\com\vaadin\external\google\android-json\0.0.20131108.vaadin1\android-json-0.0.20131108.vaadin1.jar;D:\maven-repository\org\springframework\spring-core\5.3.23\spring-core-5.3.23.jar;D:\maven-repository\org\springframework\spring-jcl\5.3.23\spring-jcl-5.3.23.jar;D:\maven-repository\org\springframework\spring-test\5.3.23\spring-test-5.3.23.jar;D:\maven-repository\org\xmlunit\xmlunit-core\2.8.4\xmlunit-core-2.8.4.jar;D:\maven-repository\com\google\code\gson\gson\2.8.9\gson-2.8.9.jar;D:\maven-repository\mysql\mysql-connector-java\8.0.30\mysql-connector-java-8.0.30.jar;"/>
    <property name="sun.cpu.endian" value="little"/>
    <property name="user.home" value="C:\Users\86139"/>
    <property name="user.language" value="zh"/>
    <property name="java.specification.vendor" value="Oracle Corporation"/>
    <property name="java.version.date" value="2024-04-16"/>
    <property name="java.home" value="C:\Program Files\Java\jdk-21"/>
    <property name="file.separator" value="\"/>
    <property name="basedir" value="C:\Users\86139\Desktop\AiBuySys"/>
    <property name="java.vm.compressedOopsMode" value="Zero based"/>
    <property name="line.separator" value="&#10;"/>
    <property name="java.vm.specification.vendor" value="Oracle Corporation"/>
    <property name="java.specification.name" value="Java Platform API Specification"/>
    <property name="FILE_LOG_CHARSET" value="UTF-8"/>
    <property name="java.awt.headless" value="true"/>
    <property name="surefire.real.class.path" value="C:\Users\86139\AppData\Local\Temp\surefire11565737057271985869\surefirebooter-20250605194204843_3.jar"/>
    <property name="user.script" value=""/>
    <property name="sun.management.compiler" value="HotSpot 64-Bit Tiered Compilers"/>
    <property name="java.runtime.version" value="21.0.3+7-LTS-152"/>
    <property name="user.name" value="86139"/>
    <property name="stdout.encoding" value="GBK"/>
    <property name="path.separator" value=";"/>
    <property name="os.version" value="10.0"/>
    <property name="java.runtime.name" value="Java(TM) SE Runtime Environment"/>
    <property name="file.encoding" value="UTF-8"/>
    <property name="spring.beaninfo.ignore" value="true"/>
    <property name="java.vm.name" value="Java HotSpot(TM) 64-Bit Server VM"/>
    <property name="localRepository" value="D:\maven-repository"/>
    <property name="java.vendor.url.bug" value="https://bugreport.java.com/bugreport/"/>
    <property name="java.io.tmpdir" value="C:\Users\86139\AppData\Local\Temp\"/>
    <property name="idea.version" value="2024.1.3"/>
    <property name="java.version" value="21.0.3"/>
    <property name="user.dir" value="C:\Users\86139\Desktop\AiBuySys"/>
    <property name="os.arch" value="amd64"/>
    <property name="java.vm.specification.name" value="Java Virtual Machine Specification"/>
    <property name="PID" value="15128"/>
    <property name="sun.os.patch.level" value=""/>
    <property name="CONSOLE_LOG_CHARSET" value="UTF-8"/>
    <property name="native.encoding" value="GBK"/>
    <property name="java.library.path" value="C:\Program Files\Java\jdk-21\bin;C:\WINDOWS\Sun\Java\bin;C:\WINDOWS\system32;C:\WINDOWS;%JAVA11_HOME%\bin;D:\vm\bin\;C:\Program Files\Common Files\Oracle\Java\javapath;C:\Program Files (x86)\Common Files\Oracle\Java\java8path;C:\Program Files (x86)\Common Files\Oracle\Java\javapath;C:\Program Files (x86)\Common Files\Intel\Shared Libraries\redist\intel64\compiler;C:\Users\86139\Desktop;C:\WINDOWS\system32;C:\WINDOWS;C:\WINDOWS\System32\Wbem;C:\WINDOWS\System32\WindowsPowerShell\v1.0\;C:\WINDOWS\System32\OpenSSH\;D:\MySQL\MySQL-Server-8.0\bin;D:\Program4java\nodejs\;D:\maven\apache-maven-3.8.8\bin;C:\Program Files\Git\cmd;D:\苍穹外卖\wx小程序开发工具\微信web开发者工具\dll;D:\jmeter\apache-jmeter-5.6.3\bin;C:\Users\86139\AppData\Local\Microsoft\WindowsApps;C:\Users\86139\AppData\Local\Programs\Microsoft VS Code\bin;C:\Program Files\JetBrains\IntelliJ IDEA 2024.1.3\bin;;C:\Users\86139\AppData\Roaming\npm;C:\Users\86139\AppData\Local\GitHubDesktop\bin;D:\ffmpege\ffmpeg-2025-05-15-git-12b853530a-essentials_build\ffmpeg-2025-05-15-git-12b853530a-essentials_build\bin;;."/>
    <property name="java.vm.info" value="mixed mode, sharing"/>
    <property name="stderr.encoding" value="GBK"/>
    <property name="java.vendor" value="Oracle Corporation"/>
    <property name="java.vm.version" value="21.0.3+7-LTS-152"/>
    <property name="sun.io.unicode.encoding" value="UnicodeLittle"/>
    <property name="maven.repo.local" value="D:\maven-repository"/>
    <property name="java.class.version" value="65.0"/>
  </properties>
  <testcase name="contextLoads" classname="com.example.aibuysys.AiBuySysApplicationTests" time="0.181">
    <system-out><![CDATA[19:42:05.699 [main] DEBUG org.springframework.test.context.BootstrapUtils - Instantiating CacheAwareContextLoaderDelegate from class [org.springframework.test.context.cache.DefaultCacheAwareContextLoaderDelegate]
19:42:05.708 [main] DEBUG org.springframework.test.context.BootstrapUtils - Instantiating BootstrapContext using constructor [public org.springframework.test.context.support.DefaultBootstrapContext(java.lang.Class,org.springframework.test.context.CacheAwareContextLoaderDelegate)]
19:42:05.741 [main] DEBUG org.springframework.test.context.BootstrapUtils - Instantiating TestContextBootstrapper for test class [com.example.aibuysys.AiBuySysApplicationTests] from class [org.springframework.boot.test.context.SpringBootTestContextBootstrapper]
19:42:05.750 [main] INFO org.springframework.boot.test.context.SpringBootTestContextBootstrapper - Neither @ContextConfiguration nor @ContextHierarchy found for test class [com.example.aibuysys.AiBuySysApplicationTests], using SpringBootContextLoader
19:42:05.754 [main] DEBUG org.springframework.test.context.support.AbstractContextLoader - Did not detect default resource location for test class [com.example.aibuysys.AiBuySysApplicationTests]: class path resource [com/example/aibuysys/AiBuySysApplicationTests-context.xml] does not exist
19:42:05.754 [main] DEBUG org.springframework.test.context.support.AbstractContextLoader - Did not detect default resource location for test class [com.example.aibuysys.AiBuySysApplicationTests]: class path resource [com/example/aibuysys/AiBuySysApplicationTestsContext.groovy] does not exist
19:42:05.754 [main] INFO org.springframework.test.context.support.AbstractContextLoader - Could not detect default resource locations for test class [com.example.aibuysys.AiBuySysApplicationTests]: no resource found for suffixes {-context.xml, Context.groovy}.
19:42:05.755 [main] INFO org.springframework.test.context.support.AnnotationConfigContextLoaderUtils - Could not detect default configuration classes for test class [com.example.aibuysys.AiBuySysApplicationTests]: AiBuySysApplicationTests does not declare any static, non-private, non-final, nested classes annotated with @Configuration.
19:42:05.793 [main] DEBUG org.springframework.test.context.support.ActiveProfilesUtils - Could not find an 'annotation declaring class' for annotation type [org.springframework.test.context.ActiveProfiles] and class [com.example.aibuysys.AiBuySysApplicationTests]
19:42:05.844 [main] DEBUG org.springframework.context.annotation.ClassPathScanningCandidateComponentProvider - Identified candidate component class: file [C:\Users\86139\Desktop\AiBuySys\target\classes\com\example\aibuysys\AiBuySysApplication.class]
19:42:05.845 [main] INFO org.springframework.boot.test.context.SpringBootTestContextBootstrapper - Found @SpringBootConfiguration com.example.aibuysys.AiBuySysApplication for test class com.example.aibuysys.AiBuySysApplicationTests
19:42:05.958 [main] DEBUG org.springframework.boot.test.context.SpringBootTestContextBootstrapper - @TestExecutionListeners is not present for class [com.example.aibuysys.AiBuySysApplicationTests]: using defaults.
19:42:05.958 [main] INFO org.springframework.boot.test.context.SpringBootTestContextBootstrapper - Loaded default TestExecutionListener class names from location [META-INF/spring.factories]: [org.springframework.boot.test.mock.mockito.MockitoTestExecutionListener, org.springframework.boot.test.mock.mockito.ResetMocksTestExecutionListener, org.springframework.boot.test.autoconfigure.restdocs.RestDocsTestExecutionListener, org.springframework.boot.test.autoconfigure.web.client.MockRestServiceServerResetTestExecutionListener, org.springframework.boot.test.autoconfigure.web.servlet.MockMvcPrintOnlyOnFailureTestExecutionListener, org.springframework.boot.test.autoconfigure.web.servlet.WebDriverTestExecutionListener, org.springframework.boot.test.autoconfigure.webservices.client.MockWebServiceServerTestExecutionListener, org.springframework.test.context.web.ServletTestExecutionListener, org.springframework.test.context.support.DirtiesContextBeforeModesTestExecutionListener, org.springframework.test.context.event.ApplicationEventsTestExecutionListener, org.springframework.test.context.support.DependencyInjectionTestExecutionListener, org.springframework.test.context.support.DirtiesContextTestExecutionListener, org.springframework.test.context.transaction.TransactionalTestExecutionListener, org.springframework.test.context.jdbc.SqlScriptsTestExecutionListener, org.springframework.test.context.event.EventPublishingTestExecutionListener]
19:42:05.968 [main] DEBUG org.springframework.boot.test.context.SpringBootTestContextBootstrapper - Skipping candidate TestExecutionListener [org.springframework.test.context.transaction.TransactionalTestExecutionListener] due to a missing dependency. Specify custom listener classes or make the default listener classes and their required dependencies available. Offending class: [org/springframework/transaction/interceptor/TransactionAttributeSource]
19:42:05.968 [main] DEBUG org.springframework.boot.test.context.SpringBootTestContextBootstrapper - Skipping candidate TestExecutionListener [org.springframework.test.context.jdbc.SqlScriptsTestExecutionListener] due to a missing dependency. Specify custom listener classes or make the default listener classes and their required dependencies available. Offending class: [org/springframework/transaction/interceptor/TransactionAttribute]
19:42:05.968 [main] INFO org.springframework.boot.test.context.SpringBootTestContextBootstrapper - Using TestExecutionListeners: [org.springframework.test.context.web.ServletTestExecutionListener@7a1234bf, org.springframework.test.context.support.DirtiesContextBeforeModesTestExecutionListener@2f62ea70, org.springframework.test.context.event.ApplicationEventsTestExecutionListener@24ba9639, org.springframework.boot.test.mock.mockito.MockitoTestExecutionListener@38aa816f, org.springframework.boot.test.autoconfigure.SpringBootDependencyInjectionTestExecutionListener@53f6fd09, org.springframework.test.context.support.DirtiesContextTestExecutionListener@6bffbc6d, org.springframework.test.context.event.EventPublishingTestExecutionListener@1b84f475, org.springframework.boot.test.mock.mockito.ResetMocksTestExecutionListener@7749bf93, org.springframework.boot.test.autoconfigure.restdocs.RestDocsTestExecutionListener@13330ac6, org.springframework.boot.test.autoconfigure.web.client.MockRestServiceServerResetTestExecutionListener@539d019, org.springframework.boot.test.autoconfigure.web.servlet.MockMvcPrintOnlyOnFailureTestExecutionListener@39a2bb97, org.springframework.boot.test.autoconfigure.web.servlet.WebDriverTestExecutionListener@3ad2e17, org.springframework.boot.test.autoconfigure.webservices.client.MockWebServiceServerTestExecutionListener@8c3619e]
19:42:05.971 [main] DEBUG org.springframework.test.context.support.AbstractDirtiesContextTestExecutionListener - Before test class: context [DefaultTestContext@2e6a5539 testClass = AiBuySysApplicationTests, testInstance = [null], testMethod = [null], testException = [null], mergedContextConfiguration = [WebMergedContextConfiguration@3fc9504b testClass = AiBuySysApplicationTests, locations = '{}', classes = '{class com.example.aibuysys.AiBuySysApplication}', contextInitializerClasses = '[]', activeProfiles = '{}', propertySourceLocations = '{}', propertySourceProperties = '{org.springframework.boot.test.context.SpringBootTestContextBootstrapper=true}', contextCustomizers = set[org.springframework.boot.test.context.filter.ExcludeFilterContextCustomizer@4d154ccd, org.springframework.boot.test.json.DuplicateJsonObjectContextCustomizerFactory$DuplicateJsonObjectContextCustomizer@1e0b4072, org.springframework.boot.test.mock.mockito.MockitoContextCustomizer@0, org.springframework.boot.test.web.client.TestRestTemplateContextCustomizer@5ab956d7, org.springframework.boot.test.autoconfigure.actuate.metrics.MetricsExportContextCustomizerFactory$DisableMetricExportContextCustomizer@26d9b808, org.springframework.boot.test.autoconfigure.properties.PropertyMappingContextCustomizer@0, org.springframework.boot.test.autoconfigure.web.servlet.WebDriverContextCustomizerFactory$Customizer@793f29ff, org.springframework.boot.test.context.SpringBootTestArgs@1, org.springframework.boot.test.context.SpringBootTestWebEnvironment@15b3e5b], resourceBasePath = 'src/main/webapp', contextLoader = 'org.springframework.boot.test.context.SpringBootContextLoader', parent = [null]], attributes = map['org.springframework.test.context.web.ServletTestExecutionListener.activateListener' -> true]], class annotated with @DirtiesContext [false] with mode [null].

  .   ____          _            __ _ _
 /\\ / ___'_ __ _ _(_)_ __  __ _ \ \ \ \
( ( )\___ | '_ | '_| | '_ \/ _` | \ \ \ \
 \\/  ___)| |_)| | | | | || (_| |  ) ) ) )
  '  |____| .__|_| |_|_| |_\__, | / / / /
 =========|_|==============|___/=/_/_/_/
 :: Spring Boot ::               (v2.6.13)

2025-06-05 19:42:06.253  INFO 15128 --- [           main] c.e.aibuysys.AiBuySysApplicationTests    : Starting AiBuySysApplicationTests using Java 21.0.3 on zwh with PID 15128 (started by 86139 in C:\Users\86139\Desktop\AiBuySys)
2025-06-05 19:42:06.254  INFO 15128 --- [           main] c.e.aibuysys.AiBuySysApplicationTests    : No active profile set, falling back to 1 default profile: "default"
2025-06-05 19:42:07.441  INFO 15128 --- [           main] o.s.b.a.w.s.WelcomePageHandlerMapping    : Adding welcome page: class path resource [static/index.html]
2025-06-05 19:42:07.550  WARN 15128 --- [           main] ion$DefaultTemplateResolverConfiguration : Cannot find template location: classpath:/templates/ (please add some templates, check your Thymeleaf configuration, or set spring.thymeleaf.check-template-location=false)
2025-06-05 19:42:07.552  WARN 15128 --- [           main] org.thymeleaf.templatemode.TemplateMode  : [THYMELEAF][main] Template Mode 'HTML5' is deprecated. Using Template Mode 'HTML' instead.
2025-06-05 19:42:07.713  INFO 15128 --- [           main] c.e.aibuysys.AiBuySysApplicationTests    : Started AiBuySysApplicationTests in 1.708 seconds (JVM running for 2.773)
]]></system-out>
  </testcase>
</testsuite>